<?xml version="1.0" encoding="UTF-8"?>
<testsuite xmlns:xsi="http://www.w3.org/2001/XMLSchema-instance" xsi:noNamespaceSchemaLocation="https://maven.apache.org/surefire/maven-surefire-plugin/xsd/surefire-test-report-3.0.xsd" version="3.0" name="uz.iftixortalim.crmspring.CrmSpringApplicationTests" time="29.731" tests="1" errors="0" skipped="0" failures="0">
  <properties>
[...]
</properties>
  <testcase name="contextLoads" classname="uz.iftixortalim.crmspring.CrmSpringApplicationTests" time="0.348">
    <system-out><![CDATA[22:11:00.203 [main] INFO org.springframework.test.context.support.AnnotationConfigContextLoaderUtils -- Could not detect default configuration classes for test class [uz.iftixortalim.crmspring.CrmSpringApplicationTests]: CrmSpringApplicationTests does not declare any static, non-private, non-final, nested classes annotated with @Configuration.
22:11:00.263 [main] INFO org.springframework.boot.test.context.SpringBootTestContextBootstrapper -- Found @SpringBootConfiguration uz.iftixortalim.crmspring.CrmSpringApplication for test class uz.iftixortalim.crmspring.CrmSpringApplicationTests

  .   ____          _            __ _ _
 /\\ / ___'_ __ _ _(_)_ __  __ _ \ \ \ \
( ( )\___ | '_ | '_| | '_ \/ _` | \ \ \ \
 \\/  ___)| |_)| | | | | || (_| |  ) ) ) )
  '  |____| .__|_| |_|_| |_\__, | / / / /
 =========|_|==============|___/=/_/_/_/
 :: Spring Boot ::                (v3.2.0)

2023-12-16T22:11:00.536+05:00  INFO 23518 --- [           main] u.i.crmspring.CrmSpringApplicationTests  : Starting CrmSpringApplicationTests using Java 17.0.9 with PID 23518 (started by ak in /home/ak/Documents/TalimTarbiya/crm-spring)
2023-12-16T22:11:00.537+05:00  INFO 23518 --- [           main] u.i.crmspring.CrmSpringApplicationTests  : No active profile set, falling back to 1 default profile: "default"
2023-12-16T22:11:01.137+05:00  INFO 23518 --- [           main] .s.d.r.c.RepositoryConfigurationDelegate : Bootstrapping Spring Data JPA repositories in DEFAULT mode.
2023-12-16T22:11:01.193+05:00  INFO 23518 --- [           main] .s.d.r.c.RepositoryConfigurationDelegate : Finished Spring Data repository scanning in 50 ms. Found 10 JPA repository interfaces.
2023-12-16T22:11:01.547+05:00  INFO 23518 --- [           main] o.hibernate.jpa.internal.util.LogHelper  : HHH000204: Processing PersistenceUnitInfo [name: default]
2023-12-16T22:11:01.574+05:00  INFO 23518 --- [           main] org.hibernate.Version                    : HHH000412: Hibernate ORM core version 6.3.1.Final
2023-12-16T22:11:01.593+05:00  INFO 23518 --- [           main] o.h.c.internal.RegionFactoryInitiator    : HHH000026: Second-level cache disabled
2023-12-16T22:11:01.737+05:00  INFO 23518 --- [           main] o.s.o.j.p.SpringPersistenceUnitInfo      : No LoadTimeWeaver setup: ignoring JPA class transformer
2023-12-16T22:11:01.759+05:00  INFO 23518 --- [           main] com.zaxxer.hikari.HikariDataSource       : HikariPool-1 - Starting...
2023-12-16T22:11:26.407+05:00  INFO 23518 --- [           main] com.zaxxer.hikari.pool.HikariPool        : HikariPool-1 - Added connection org.postgresql.jdbc.PgConnection@30358dc7
2023-12-16T22:11:26.408+05:00  INFO 23518 --- [           main] com.zaxxer.hikari.HikariDataSource       : HikariPool-1 - Start completed.
2023-12-16T22:11:27.010+05:00  WARN 23518 --- [           main] org.hibernate.orm.deprecation            : HHH90000025: PostgreSQLDialect does not need to be specified explicitly using 'hibernate.dialect' (remove the property setting and it will be selected by default)
2023-12-16T22:11:28.290+05:00  INFO 23518 --- [           main] o.h.e.t.j.p.i.JtaPlatformInitiator       : HHH000489: No JTA platform available (set 'hibernate.transaction.jta.platform' to enable JTA platform integration)
2023-12-16T22:11:28.292+05:00  INFO 23518 --- [           main] j.LocalContainerEntityManagerFactoryBean : Initialized JPA EntityManagerFactory for persistence unit 'default'
2023-12-16T22:11:28.950+05:00  WARN 23518 --- [           main] JpaBaseConfiguration$JpaWebConfiguration : spring.jpa.open-in-view is enabled by default. Therefore, database queries may be performed during view rendering. Explicitly configure spring.jpa.open-in-view to disable this warning
2023-12-16T22:11:29.173+05:00  INFO 23518 --- [           main] o.s.s.web.DefaultSecurityFilterChain     : Will secure any request with [org.springframework.security.web.session.DisableEncodeUrlFilter@4e773b8a, org.springframework.security.web.context.request.async.WebAsyncManagerIntegrationFilter@579cfcc4, org.springframework.security.web.context.SecurityContextHolderFilter@7057d9f4, org.springframework.security.web.header.HeaderWriterFilter@3ede428e, org.springframework.web.filter.CorsFilter@57eb2555, org.springframework.security.web.authentication.logout.LogoutFilter@23ee31b8, uz.iftixortalim.crmspring.config.JwtAuthenticationFilter@3a6409ec, org.springframework.security.web.savedrequest.RequestCacheAwareFilter@13e6ab86, org.springframework.security.web.servletapi.SecurityContextHolderAwareRequestFilter@4f5d7091, org.springframework.security.web.authentication.AnonymousAuthenticationFilter@490f2fad, org.springframework.security.web.session.SessionManagementFilter@f9919a2, org.springframework.security.web.access.ExceptionTranslationFilter@27f8f1cc, org.springframework.security.web.access.intercept.AuthorizationFilter@23974cac]
2023-12-16T22:11:29.465+05:00  INFO 23518 --- [           main] u.i.crmspring.CrmSpringApplicationTests  : Started CrmSpringApplicationTests in 29.106 seconds (process running for 29.759)
]]></system-out>
  </testcase>
</testsuite>